[11-19 11:27:09.883] [ INFO] [restartedMain] [        j.w.e.w.WebSiteProgram: 51] [logStarting] - Starting WebSiteProgram using Java 17.0.9 with PID 2676 (C:\sns-ec\jp.erp2024\jp.web.erp2024.website\target\classes started by MENG in C:\sns-ec\jp.erp2024)
[11-19 11:27:09.896] [ INFO] [restartedMain] [        j.w.e.w.WebSiteProgram:638] [logStartupProfileInfo] - No active profile set, falling back to 1 default profile: "default"
[11-19 11:27:15.623] [ INFO] [restartedMain] [onditionEvaluationReportLogger: 82] [logMessage] - 

Error starting ApplicationContext. To display the condition evaluation report re-run your application with 'debug' enabled.
[11-19 11:27:47.908] [ INFO] [restartedMain] [        j.w.e.w.WebSiteProgram: 51] [logStarting] - Starting WebSiteProgram using Java 17.0.9 with PID 7056 (C:\sns-ec\jp.erp2024\jp.web.erp2024.website\target\classes started by MENG in C:\sns-ec\jp.erp2024)
[11-19 11:27:47.926] [ INFO] [restartedMain] [        j.w.e.w.WebSiteProgram:638] [logStartupProfileInfo] - No active profile set, falling back to 1 default profile: "default"
[11-19 11:27:54.796] [ INFO] [restartedMain] [onditionEvaluationReportLogger: 82] [logMessage] - 

Error starting ApplicationContext. To display the condition evaluation report re-run your application with 'debug' enabled.
[11-19 11:28:21.761] [ INFO] [restartedMain] [        j.w.e.w.WebSiteProgram: 51] [logStarting] - Starting WebSiteProgram using Java 17.0.9 with PID 11760 (C:\sns-ec\jp.erp2024\jp.web.erp2024.website\target\classes started by MENG in C:\sns-ec\jp.erp2024)
[11-19 11:28:21.778] [ INFO] [restartedMain] [        j.w.e.w.WebSiteProgram:638] [logStartupProfileInfo] - No active profile set, falling back to 1 default profile: "default"
[11-19 11:28:28.954] [ INFO] [restartedMain] [onditionEvaluationReportLogger: 82] [logMessage] - 

Error starting ApplicationContext. To display the condition evaluation report re-run your application with 'debug' enabled.
[11-19 11:29:03.291] [ INFO] [restartedMain] [        j.w.e.w.WebSiteProgram: 51] [logStarting] - Starting WebSiteProgram using Java 17.0.9 with PID 12060 (C:\sns-ec\jp.erp2024\jp.web.erp2024.website\target\classes started by MENG in C:\sns-ec\jp.erp2024)
[11-19 11:29:03.308] [ INFO] [restartedMain] [        j.w.e.w.WebSiteProgram:638] [logStartupProfileInfo] - No active profile set, falling back to 1 default profile: "default"
[11-19 11:29:09.206] [ INFO] [restartedMain] [onditionEvaluationReportLogger: 82] [logMessage] - 

Error starting ApplicationContext. To display the condition evaluation report re-run your application with 'debug' enabled.
[11-19 11:39:30.743] [ INFO] [restartedMain] [        j.w.e.w.WebSiteProgram: 51] [logStarting] - Starting WebSiteProgram using Java 17.0.9 with PID 3392 (C:\sns-ec\jp.erp2024\jp.web.erp2024.website\target\classes started by MENG in C:\sns-ec\jp.erp2024)
[11-19 11:39:30.758] [ INFO] [restartedMain] [        j.w.e.w.WebSiteProgram:638] [logStartupProfileInfo] - No active profile set, falling back to 1 default profile: "default"
[11-19 11:39:40.455] [ INFO] [restartedMain] [ o.s.b.w.e.u.UndertowWebServer:121] [start] - Undertow started on port(s) 12024 (http)
[11-19 11:39:40.474] [ INFO] [restartedMain] [        j.w.e.w.WebSiteProgram: 57] [logStarted] - Started WebSiteProgram in 11.078 seconds (process running for 15.125)
[11-19 11:39:47.082] [ INFO] [XNIO-1 task-3] [thenticationSuccessHandlerImpl: 36] [info] - UserName: 王云鹏, login success
[11-19 17:32:55.806] [ INFO] [restartedMain] [        j.w.e.w.WebSiteProgram: 51] [logStarting] - Starting WebSiteProgram using Java 17.0.9 with PID 11804 (C:\sns-ec\jp.erp2024\jp.web.erp2024.website\target\classes started by MENG in C:\sns-ec\jp.erp2024)
[11-19 17:32:55.833] [ INFO] [restartedMain] [        j.w.e.w.WebSiteProgram:638] [logStartupProfileInfo] - No active profile set, falling back to 1 default profile: "default"
[11-19 17:33:04.061] [ INFO] [restartedMain] [onditionEvaluationReportLogger: 82] [logMessage] - 

Error starting ApplicationContext. To display the condition evaluation report re-run your application with 'debug' enabled.
[11-19 17:33:41.326] [ INFO] [restartedMain] [        j.w.e.w.WebSiteProgram: 51] [logStarting] - Starting WebSiteProgram using Java 17.0.9 with PID 3932 (C:\sns-ec\jp.erp2024\jp.web.erp2024.website\target\classes started by MENG in C:\sns-ec\jp.erp2024)
[11-19 17:33:41.343] [ INFO] [restartedMain] [        j.w.e.w.WebSiteProgram:638] [logStartupProfileInfo] - No active profile set, falling back to 1 default profile: "default"
[11-19 17:33:46.876] [ INFO] [restartedMain] [onditionEvaluationReportLogger: 82] [logMessage] - 

Error starting ApplicationContext. To display the condition evaluation report re-run your application with 'debug' enabled.
[11-19 17:34:05.072] [ INFO] [restartedMain] [        j.w.e.w.WebSiteProgram: 51] [logStarting] - Starting WebSiteProgram using Java 17.0.9 with PID 2676 (C:\sns-ec\jp.erp2024\jp.web.erp2024.website\target\classes started by MENG in C:\sns-ec\jp.erp2024)
[11-19 17:34:05.091] [ INFO] [restartedMain] [        j.w.e.w.WebSiteProgram:638] [logStartupProfileInfo] - No active profile set, falling back to 1 default profile: "default"
[11-19 17:34:10.388] [ INFO] [restartedMain] [onditionEvaluationReportLogger: 82] [logMessage] - 

Error starting ApplicationContext. To display the condition evaluation report re-run your application with 'debug' enabled.
[11-19 17:45:10.484] [ INFO] [restartedMain] [        j.w.e.w.WebSiteProgram: 51] [logStarting] - Starting WebSiteProgram using Java 17.0.9 with PID 8000 (C:\sns-ec\jp.erp2024\jp.web.erp2024.website\target\classes started by MENG in C:\sns-ec\jp.erp2024)
[11-19 17:45:10.501] [ INFO] [restartedMain] [        j.w.e.w.WebSiteProgram:638] [logStartupProfileInfo] - No active profile set, falling back to 1 default profile: "default"
[11-19 17:45:22.969] [ INFO] [restartedMain] [ o.s.b.w.e.u.UndertowWebServer:121] [start] - Undertow started on port(s) 12024 (http)
[11-19 17:45:22.989] [ INFO] [restartedMain] [        j.w.e.w.WebSiteProgram: 57] [logStarted] - Started WebSiteProgram in 13.749 seconds (process running for 16.23)
[11-19 17:45:56.521] [ INFO] [XNIO-1 task-2] [thenticationSuccessHandlerImpl: 36] [info] - UserName: 王云鹏, login success
[11-19 18:18:20.131] [ INFO] [XNIO-1 task-6] [         j.w.e.w.s.MailService: 36] [info] - プロジェクト環境でのみメールを送信する。件名「「null」ＥＲＰプログラムエラーインフォ」
[11-19 18:54:55.537] [ INFO] [restartedMain] [        j.w.e.w.WebSiteProgram: 51] [logStarting] - Starting WebSiteProgram using Java 17.0.9 with PID 9480 (C:\sns-ec\jp.erp2024\jp.web.erp2024.website\target\classes started by MENG in C:\sns-ec\jp.erp2024)
[11-19 18:54:55.548] [ INFO] [restartedMain] [        j.w.e.w.WebSiteProgram:638] [logStartupProfileInfo] - No active profile set, falling back to 1 default profile: "default"
[11-19 18:55:04.456] [ INFO] [restartedMain] [ o.s.b.w.e.u.UndertowWebServer:121] [start] - Undertow started on port(s) 12024 (http)
[11-19 18:55:04.475] [ INFO] [restartedMain] [        j.w.e.w.WebSiteProgram: 57] [logStarted] - Started WebSiteProgram in 9.989 seconds (process running for 12.564)
[11-19 18:55:24.033] [ INFO] [restartedMain] [        j.w.e.w.WebSiteProgram: 51] [logStarting] - Starting WebSiteProgram using Java 17.0.9 with PID 12464 (C:\sns-ec\jp.erp2024\jp.web.erp2024.website\target\classes started by MENG in C:\sns-ec\jp.erp2024)
[11-19 18:55:24.052] [ INFO] [restartedMain] [        j.w.e.w.WebSiteProgram:638] [logStartupProfileInfo] - No active profile set, falling back to 1 default profile: "default"
[11-19 18:55:35.721] [ INFO] [restartedMain] [ o.s.b.w.e.u.UndertowWebServer:121] [start] - Undertow started on port(s) 12024 (http)
[11-19 18:55:35.736] [ INFO] [restartedMain] [        j.w.e.w.WebSiteProgram: 57] [logStarted] - Started WebSiteProgram in 12.821 seconds (process running for 14.826)
[11-19 19:06:19.700] [ INFO] [restartedMain] [        j.w.e.w.WebSiteProgram: 51] [logStarting] - Starting WebSiteProgram using Java 17.0.9 with PID 7608 (C:\sns-ec\jp.erp2024\jp.web.erp2024.website\target\classes started by MENG in C:\sns-ec\jp.erp2024)
[11-19 19:06:19.716] [ INFO] [restartedMain] [        j.w.e.w.WebSiteProgram:638] [logStartupProfileInfo] - No active profile set, falling back to 1 default profile: "default"
[11-19 19:06:28.925] [ INFO] [restartedMain] [ o.s.b.w.e.u.UndertowWebServer:121] [start] - Undertow started on port(s) 12024 (http)
[11-19 19:06:28.950] [ INFO] [restartedMain] [        j.w.e.w.WebSiteProgram: 57] [logStarted] - Started WebSiteProgram in 10.449 seconds (process running for 13.609)
[11-19 19:09:45.052] [ INFO] [restartedMain] [        j.w.e.w.WebSiteProgram: 51] [logStarting] - Starting WebSiteProgram using Java 17.0.9 with PID 7644 (C:\sns-ec\jp.erp2024\jp.web.erp2024.website\target\classes started by MENG in C:\sns-ec\jp.erp2024)
[11-19 19:09:45.076] [ INFO] [restartedMain] [        j.w.e.w.WebSiteProgram:638] [logStartupProfileInfo] - No active profile set, falling back to 1 default profile: "default"
[11-19 19:09:55.534] [ INFO] [restartedMain] [ o.s.b.w.e.u.UndertowWebServer:121] [start] - Undertow started on port(s) 12024 (http)
[11-19 19:09:55.554] [ INFO] [restartedMain] [        j.w.e.w.WebSiteProgram: 57] [logStarted] - Started WebSiteProgram in 12.488 seconds (process running for 15.878)
